2024-03-03 12:10:47.1405 DEBUG Hosting starting
2024-03-03 12:10:47.3616 INFO User profile is available. Using 'C:\Users\dell\AppData\Local\ASP.NET\DataProtection-Keys' as key repository and Windows DPAPI to encrypt keys at rest.
2024-03-03 12:10:48.9229 DEBUG Reading data from file 'C:\Users\dell\AppData\Local\ASP.NET\DataProtection-Keys\key-3f330b2c-c4e6-436d-ade3-5b699c5f61e4.xml'.
2024-03-03 12:10:48.9726 DEBUG Found key {3f330b2c-c4e6-436d-ade3-5b699c5f61e4}.
2024-03-03 12:10:48.9882 DEBUG Considering key {3f330b2c-c4e6-436d-ade3-5b699c5f61e4} with expiration date 2024-05-27 06:43:50Z as default key.
2024-03-03 12:10:49.0717 DEBUG Forwarded activator type request from Microsoft.AspNetCore.DataProtection.XmlEncryption.DpapiXmlDecryptor, Microsoft.AspNetCore.DataProtection, Version=3.1.32.0, Culture=neutral, PublicKeyToken=adb9793829ddae60 to Microsoft.AspNetCore.DataProtection.XmlEncryption.DpapiXmlDecryptor, Microsoft.AspNetCore.DataProtection, Culture=neutral, PublicKeyToken=adb9793829ddae60
2024-03-03 12:10:49.0935 DEBUG Decrypting secret element using Windows DPAPI.
2024-03-03 12:10:49.0994 DEBUG Forwarded activator type request from Microsoft.AspNetCore.DataProtection.AuthenticatedEncryption.ConfigurationModel.AuthenticatedEncryptorDescriptorDeserializer, Microsoft.AspNetCore.DataProtection, Version=3.1.32.0, Culture=neutral, PublicKeyToken=adb9793829ddae60 to Microsoft.AspNetCore.DataProtection.AuthenticatedEncryption.ConfigurationModel.AuthenticatedEncryptorDescriptorDeserializer, Microsoft.AspNetCore.DataProtection, Culture=neutral, PublicKeyToken=adb9793829ddae60
2024-03-03 12:10:49.0994 DEBUG Opening CNG algorithm 'AES' from provider '(null)' with chaining mode CBC.
2024-03-03 12:10:49.1145 DEBUG Opening CNG algorithm 'SHA256' from provider '(null)' with HMAC.
2024-03-03 12:10:49.1145 DEBUG Using key {3f330b2c-c4e6-436d-ade3-5b699c5f61e4} as the default key.
2024-03-03 12:10:49.1145 DEBUG Key ring with default key {3f330b2c-c4e6-436d-ade3-5b699c5f61e4} was loaded during application startup.
2024-03-03 12:10:49.1337 DEBUG Starting host: rabbitmq://localhost/
2024-03-03 12:10:49.2710 DEBUG Connect: guest@localhost:5672/
2024-03-03 12:10:49.8300 DEBUG Connected: guest@localhost:5672/ (address: amqp://localhost:5672, local: 50099)
2024-03-03 12:10:50.1540 DEBUG Loaded hosting startup assembly FunDoNotes
2024-03-03 12:10:50.1540 DEBUG Loaded hosting startup assembly Microsoft.AspNetCore.Watch.BrowserRefresh
2024-03-03 12:10:50.1540 DEBUG Loaded hosting startup assembly Microsoft.WebTools.BrowserLink.Net
2024-03-03 12:10:50.1540 INFO Application started. Press Ctrl+C to shut down.
2024-03-03 12:10:50.1540 INFO Hosting environment: Development
2024-03-03 12:10:50.1540 INFO Content root path: C:\Users\dell\source\repos\FunDoNotes\FunDoNotes
2024-03-03 12:10:50.1540 DEBUG Hosting started
2024-03-03 12:10:50.2284 INFO Request starting HTTP/2.0 GET https://localhost:44318/swagger/index.html  
2024-03-03 12:10:50.9989 DEBUG Wildcard detected, all requests with hosts will be allowed.
2024-03-03 12:10:51.1283 DEBUG AuthenticationScheme: Bearer was not authenticated.
2024-03-03 12:10:51.2376 DEBUG Response markup is scheduled to include browser refresh script injection.
2024-03-03 12:10:51.3056 DEBUG Response markup was updated to include browser refresh script injection.
2024-03-03 12:10:51.3056 INFO Request finished in 1085.1231ms 200 text/html;charset=utf-8
2024-03-03 12:10:51.3886 INFO Request starting HTTP/2.0 GET https://localhost:44318/_framework/aspnetcore-browser-refresh.js  
2024-03-03 12:10:51.3995 INFO Request finished in 10.855ms 200 application/javascript; charset=utf-8
2024-03-03 12:10:51.6877 INFO Request starting HTTP/2.0 GET https://localhost:44318/_vs/browserLink  
2024-03-03 12:10:52.2748 INFO Request finished in 593.1108ms 200 text/javascript; charset=UTF-8
2024-03-03 12:10:52.3673 INFO Request starting HTTP/2.0 GET https://localhost:44318/swagger/v1/swagger.json  
2024-03-03 12:10:52.3673 DEBUG AuthenticationScheme: Bearer was not authenticated.
2024-03-03 12:10:52.4268 INFO Request starting HTTP/2.0 GET https://localhost:44318/swagger/favicon-32x32.png  
2024-03-03 12:10:52.4268 DEBUG AuthenticationScheme: Bearer was not authenticated.
2024-03-03 12:10:52.4663 INFO Sending file. Request path: '/favicon-32x32.png'. Physical path: 'N/A'
2024-03-03 12:10:52.4663 INFO Request finished in 39.8936ms 200 image/png
2024-03-03 12:10:52.6622 INFO Request finished in 294.9608ms 200 application/json;charset=utf-8
2024-03-03 12:14:17.2133 INFO Request starting HTTP/2.0 POST https://localhost:44318/api/User/Reg application/json 103
2024-03-03 12:14:17.2133 DEBUG AuthenticationScheme: Bearer was not authenticated.
2024-03-03 12:14:17.2216 DEBUG POST requests are not supported
2024-03-03 12:14:17.3066 DEBUG 1 candidate(s) found for the request path '/api/User/Reg'
2024-03-03 12:14:17.3066 DEBUG Endpoint 'FunDoNotes.Controllers.UserController.Register (FunDoNotes)' with route pattern 'api/User/Reg' is valid for the request path '/api/User/Reg'
2024-03-03 12:14:17.3066 DEBUG Request matched endpoint 'FunDoNotes.Controllers.UserController.Register (FunDoNotes)'
2024-03-03 12:14:17.3066 INFO Executing endpoint 'FunDoNotes.Controllers.UserController.Register (FunDoNotes)'
2024-03-03 12:14:17.3236 DEBUG Registered model binder providers, in the following order: Microsoft.AspNetCore.Mvc.ModelBinding.Binders.BinderTypeModelBinderProvider, Microsoft.AspNetCore.Mvc.ModelBinding.Binders.ServicesModelBinderProvider, Microsoft.AspNetCore.Mvc.ModelBinding.Binders.BodyModelBinderProvider, Microsoft.AspNetCore.Mvc.ModelBinding.Binders.HeaderModelBinderProvider, Microsoft.AspNetCore.Mvc.ModelBinding.Binders.FloatingPointTypeModelBinderProvider, Microsoft.AspNetCore.Mvc.ModelBinding.Binders.EnumTypeModelBinderProvider, Microsoft.AspNetCore.Mvc.ModelBinding.Binders.SimpleTypeModelBinderProvider, Microsoft.AspNetCore.Mvc.ModelBinding.Binders.CancellationTokenModelBinderProvider, Microsoft.AspNetCore.Mvc.ModelBinding.Binders.ByteArrayModelBinderProvider, Microsoft.AspNetCore.Mvc.ModelBinding.Binders.FormFileModelBinderProvider, Microsoft.AspNetCore.Mvc.ModelBinding.Binders.FormCollectionModelBinderProvider, Microsoft.AspNetCore.Mvc.ModelBinding.Binders.KeyValuePairModelBinderProvider, Microsoft.AspNetCore.Mvc.ModelBinding.Binders.DictionaryModelBinderProvider, Microsoft.AspNetCore.Mvc.ModelBinding.Binders.ArrayModelBinderProvider, Microsoft.AspNetCore.Mvc.ModelBinding.Binders.CollectionModelBinderProvider, Microsoft.AspNetCore.Mvc.ModelBinding.Binders.ComplexTypeModelBinderProvider
2024-03-03 12:14:17.3614 INFO Route matched with {action = "Register", controller = "User"}. Executing controller action with signature Microsoft.AspNetCore.Mvc.ActionResult Register(Common_layer.RequestModel.RegisterModel) on controller FunDoNotes.Controllers.UserController (FunDoNotes).
2024-03-03 12:14:17.3614 DEBUG Execution plan of authorization filters (in the following order): None
2024-03-03 12:14:17.3614 DEBUG Execution plan of resource filters (in the following order): None
2024-03-03 12:14:17.3614 DEBUG Execution plan of action filters (in the following order): Microsoft.AspNetCore.Mvc.ModelBinding.UnsupportedContentTypeFilter (Order: -3000), Microsoft.AspNetCore.Mvc.Infrastructure.ModelStateInvalidFilter (Order: -2000)
2024-03-03 12:14:17.3614 DEBUG Execution plan of exception filters (in the following order): None
2024-03-03 12:14:17.3614 DEBUG Execution plan of result filters (in the following order): Microsoft.AspNetCore.Mvc.Infrastructure.ClientErrorResultFilter (Order: -2000)
2024-03-03 12:14:17.3642 DEBUG Executing controller factory for controller FunDoNotes.Controllers.UserController (FunDoNotes)
2024-03-03 12:14:17.6854 DEBUG An 'IServiceProvider' was created for internal use by Entity Framework.
2024-03-03 12:14:17.7218 DEBUG Executed controller factory for controller FunDoNotes.Controllers.UserController (FunDoNotes)
2024-03-03 12:14:17.7218 DEBUG Attempting to bind parameter 'model' of type 'Common_layer.RequestModel.RegisterModel' ...
2024-03-03 12:14:17.7218 DEBUG Attempting to bind parameter 'model' of type 'Common_layer.RequestModel.RegisterModel' using the name '' in request data ...
2024-03-03 12:14:17.7218 DEBUG Selected input formatter 'Microsoft.AspNetCore.Mvc.Formatters.SystemTextJsonInputFormatter' for content type 'application/json'.
2024-03-03 12:14:17.7528 DEBUG JSON input formatter succeeded, deserializing to type 'Common_layer.RequestModel.RegisterModel'
2024-03-03 12:14:17.7528 DEBUG Done attempting to bind parameter 'model' of type 'Common_layer.RequestModel.RegisterModel'.
2024-03-03 12:14:17.7528 DEBUG Done attempting to bind parameter 'model' of type 'Common_layer.RequestModel.RegisterModel'.
2024-03-03 12:14:17.7528 DEBUG Attempting to validate the bound parameter 'model' of type 'Common_layer.RequestModel.RegisterModel' ...
2024-03-03 12:14:17.7588 DEBUG Done attempting to validate the bound parameter 'model' of type 'Common_layer.RequestModel.RegisterModel'.
2024-03-03 12:14:18.8309 INFO Entity Framework Core 3.1.0 initialized 'FundoContext' using provider 'Microsoft.EntityFrameworkCore.SqlServer' with options: None
2024-03-03 12:14:19.1912 DEBUG queryContext => new QueryingEnumerable<User>(
    (RelationalQueryContext)queryContext, 
    RelationalCommandCache, 
    null, 
    null, 
    Func<QueryContext, DbDataReader, ResultContext, int[], ResultCoordinator, User>, 
    Repository_layer.Context.FundoContext, 
    DiagnosticsLogger<Query>
)
    .SingleOrDefault()
2024-03-03 12:14:19.2402 DEBUG Creating DbCommand for 'ExecuteReader'.
2024-03-03 12:14:19.4835 DEBUG Created DbCommand for 'ExecuteReader' (237ms).
2024-03-03 12:14:19.5088 DEBUG Opening connection to database 'dofundonotes_db' on server 'DESKTOP-ADPAMCB'.
2024-03-03 12:14:19.8650 DEBUG Opened connection to database 'dofundonotes_db' on server 'DESKTOP-ADPAMCB'.
2024-03-03 12:14:19.9012 DEBUG Executing DbCommand [Parameters=[@__model_Email_0='?' (Size = 4000)], CommandType='Text', CommandTimeout='30']
SELECT TOP(1) [u].[Id], [u].[Email], [u].[FirstName], [u].[LastName], [u].[Password]
FROM [users] AS [u]
WHERE [u].[Email] = @__model_Email_0
2024-03-03 12:14:20.0680 INFO Executed DbCommand (192ms) [Parameters=[@__model_Email_0='?' (Size = 4000)], CommandType='Text', CommandTimeout='30']
SELECT TOP(1) [u].[Id], [u].[Email], [u].[FirstName], [u].[LastName], [u].[Password]
FROM [users] AS [u]
WHERE [u].[Email] = @__model_Email_0
2024-03-03 12:14:20.0843 DEBUG A data reader was disposed.
2024-03-03 12:14:20.0843 DEBUG Closing connection to database 'dofundonotes_db' on server 'DESKTOP-ADPAMCB'.
2024-03-03 12:14:20.1044 DEBUG Closed connection to database 'dofundonotes_db' on server 'DESKTOP-ADPAMCB'.
2024-03-03 12:14:20.1576 DEBUG 'FundoContext' generated a temporary value for the 'Id' property of new 'User' entity. Consider using 'DbContextOptionsBuilder.EnableSensitiveDataLogging' to see key values.
2024-03-03 12:14:20.2597 DEBUG Context 'FundoContext' started tracking 'User' entity. Consider using 'DbContextOptionsBuilder.EnableSensitiveDataLogging' to see key values.
2024-03-03 12:14:20.2597 DEBUG SaveChanges starting for 'FundoContext'.
2024-03-03 12:14:20.2597 DEBUG DetectChanges starting for 'FundoContext'.
2024-03-03 12:14:20.2839 DEBUG DetectChanges completed for 'FundoContext'.
2024-03-03 12:14:20.2956 DEBUG Opening connection to database 'dofundonotes_db' on server 'DESKTOP-ADPAMCB'.
2024-03-03 12:14:20.2956 DEBUG Opened connection to database 'dofundonotes_db' on server 'DESKTOP-ADPAMCB'.
2024-03-03 12:14:20.2956 DEBUG Beginning transaction with isolation level 'Unspecified'.
2024-03-03 12:14:20.3094 DEBUG Began transaction with isolation level 'ReadCommitted'.
2024-03-03 12:14:20.3744 DEBUG Creating DbCommand for 'ExecuteReader'.
2024-03-03 12:14:20.3744 DEBUG Created DbCommand for 'ExecuteReader' (0ms).
2024-03-03 12:14:20.3744 DEBUG Executing DbCommand [Parameters=[@p0='?' (Size = 4000), @p1='?' (Size = 4000), @p2='?' (Size = 4000), @p3='?' (Size = 4000)], CommandType='Text', CommandTimeout='30']
SET NOCOUNT ON;
INSERT INTO [users] ([Email], [FirstName], [LastName], [Password])
VALUES (@p0, @p1, @p2, @p3);
SELECT [Id]
FROM [users]
WHERE @@ROWCOUNT = 1 AND [Id] = scope_identity();
2024-03-03 12:14:20.3932 INFO Executed DbCommand (17ms) [Parameters=[@p0='?' (Size = 4000), @p1='?' (Size = 4000), @p2='?' (Size = 4000), @p3='?' (Size = 4000)], CommandType='Text', CommandTimeout='30']
SET NOCOUNT ON;
INSERT INTO [users] ([Email], [FirstName], [LastName], [Password])
VALUES (@p0, @p1, @p2, @p3);
SELECT [Id]
FROM [users]
WHERE @@ROWCOUNT = 1 AND [Id] = scope_identity();
2024-03-03 12:14:20.4397 DEBUG Foreign key property 'User.Id' detected as changed. Consider using 'DbContextOptionsBuilder.EnableSensitiveDataLogging' to see property values.
2024-03-03 12:14:20.4548 DEBUG A data reader was disposed.
2024-03-03 12:14:20.4595 DEBUG Committing transaction.
2024-03-03 12:14:20.4595 DEBUG Committing transaction.
2024-03-03 12:14:20.4595 DEBUG Closing connection to database 'dofundonotes_db' on server 'DESKTOP-ADPAMCB'.
2024-03-03 12:14:20.4595 DEBUG Closed connection to database 'dofundonotes_db' on server 'DESKTOP-ADPAMCB'.
2024-03-03 12:14:20.4595 DEBUG Disposing transaction.
2024-03-03 12:14:20.4813 DEBUG An 'User' entity tracked by 'FundoContext' changed from 'Added' to 'Unchanged'. Consider using 'DbContextOptionsBuilder.EnableSensitiveDataLogging' to see key values.
2024-03-03 12:14:20.4813 DEBUG SaveChanges completed for 'FundoContext' with 1 entities written to the database.
2024-03-03 12:14:20.4813 INFO Register Succesfull
2024-03-03 12:14:20.4813 DEBUG List of registered output formatters, in the following order: Microsoft.AspNetCore.Mvc.Formatters.HttpNoContentOutputFormatter, Microsoft.AspNetCore.Mvc.Formatters.StringOutputFormatter, Microsoft.AspNetCore.Mvc.Formatters.StreamOutputFormatter, Microsoft.AspNetCore.Mvc.Formatters.SystemTextJsonOutputFormatter
2024-03-03 12:14:20.4896 DEBUG No information found on request to perform content negotiation.
2024-03-03 12:14:20.4896 DEBUG Attempting to select an output formatter without using a content type as no explicit content types were specified for the response.
2024-03-03 12:14:20.4896 DEBUG Attempting to select the first formatter in the output formatters list which can write the result.
2024-03-03 12:14:20.4896 DEBUG Selected output formatter 'Microsoft.AspNetCore.Mvc.Formatters.SystemTextJsonOutputFormatter' and content type 'application/json' to write the response.
2024-03-03 12:14:20.4896 INFO Executing ObjectResult, writing value of type 'Common_layer.ResponseModel.ResModel`1[[Repository_layer.Entity.User, Repository_layer, Version=1.0.0.0, Culture=neutral, PublicKeyToken=null]]'.
2024-03-03 12:14:20.5102 INFO Executed action FunDoNotes.Controllers.UserController.Register (FunDoNotes) in 3142.4454ms
2024-03-03 12:14:20.5102 INFO Executed endpoint 'FunDoNotes.Controllers.UserController.Register (FunDoNotes)'
2024-03-03 12:14:20.5102 DEBUG 'FundoContext' disposed.
2024-03-03 12:14:20.5102 INFO Request finished in 3305.4738ms 200 application/json; charset=utf-8
